{"D:\\WS\\Personal\\Cursos\\React - De cero a experto ( Hooks y MERN )\\04-gif-expert-app\\src\\GifExpertApp.tsx": {"path":"D:\\WS\\Personal\\Cursos\\React - De cero a experto ( Hooks y MERN )\\04-gif-expert-app\\src\\GifExpertApp.tsx","statementMap":{"0":{"start":{"line":4,"column":21},"end":{"line":32,"column":1}},"1":{"start":{"line":6,"column":38},"end":{"line":6,"column":71}},"2":{"start":{"line":8,"column":24},"end":{"line":10,"column":3}},"3":{"start":{"line":9,"column":4},"end":{"line":9,"column":73}},"4":{"start":{"line":9,"column":55},"end":{"line":9,"column":69}},"5":{"start":{"line":12,"column":2},"end":{"line":31,"column":4}},"6":{"start":{"line":23,"column":10},"end":{"line":26,"column":12}}},"fnMap":{"0":{"name":"(anonymous_0)","decl":{"start":{"line":4,"column":21},"end":{"line":4,"column":22}},"loc":{"start":{"line":4,"column":27},"end":{"line":32,"column":1}},"line":4},"1":{"name":"(anonymous_1)","decl":{"start":{"line":8,"column":24},"end":{"line":8,"column":25}},"loc":{"start":{"line":8,"column":46},"end":{"line":10,"column":3}},"line":8},"2":{"name":"(anonymous_2)","decl":{"start":{"line":9,"column":50},"end":{"line":9,"column":51}},"loc":{"start":{"line":9,"column":55},"end":{"line":9,"column":69}},"line":9},"3":{"name":"(anonymous_3)","decl":{"start":{"line":22,"column":23},"end":{"line":22,"column":24}},"loc":{"start":{"line":23,"column":10},"end":{"line":26,"column":12}},"line":23}},"branchMap":{},"s":{"0":1,"1":3,"2":3,"3":1,"4":1,"5":3,"6":4},"f":{"0":3,"1":1,"2":1,"3":4},"b":{},"_coverageSchema":"1a1c01bbd47fc00a2c39e90264f33305004495a9","hash":"a307e47210c9bc077686711bb7d06d234872a006"}
,"D:\\WS\\Personal\\Cursos\\React - De cero a experto ( Hooks y MERN )\\04-gif-expert-app\\src\\components\\AddCategory.tsx": {"path":"D:\\WS\\Personal\\Cursos\\React - De cero a experto ( Hooks y MERN )\\04-gif-expert-app\\src\\components\\AddCategory.tsx","statementMap":{"0":{"start":{"line":7,"column":20},"end":{"line":36,"column":1}},"1":{"start":{"line":9,"column":38},"end":{"line":9,"column":50}},"2":{"start":{"line":11,"column":24},"end":{"line":13,"column":3}},"3":{"start":{"line":12,"column":4},"end":{"line":12,"column":32}},"4":{"start":{"line":15,"column":19},"end":{"line":24,"column":3}},"5":{"start":{"line":16,"column":4},"end":{"line":16,"column":27}},"6":{"start":{"line":18,"column":18},"end":{"line":18,"column":35}},"7":{"start":{"line":20,"column":4},"end":{"line":20,"column":34}},"8":{"start":{"line":20,"column":27},"end":{"line":20,"column":34}},"9":{"start":{"line":22,"column":4},"end":{"line":22,"column":25}},"10":{"start":{"line":23,"column":4},"end":{"line":23,"column":22}},"11":{"start":{"line":26,"column":2},"end":{"line":35,"column":3}}},"fnMap":{"0":{"name":"(anonymous_0)","decl":{"start":{"line":7,"column":20},"end":{"line":7,"column":21}},"loc":{"start":{"line":7,"column":50},"end":{"line":36,"column":1}},"line":7},"1":{"name":"(anonymous_1)","decl":{"start":{"line":11,"column":24},"end":{"line":11,"column":25}},"loc":{"start":{"line":11,"column":77},"end":{"line":13,"column":3}},"line":11},"2":{"name":"(anonymous_2)","decl":{"start":{"line":15,"column":19},"end":{"line":15,"column":20}},"loc":{"start":{"line":15,"column":64},"end":{"line":24,"column":3}},"line":15}},"branchMap":{"0":{"loc":{"start":{"line":20,"column":4},"end":{"line":20,"column":34}},"type":"if","locations":[{"start":{"line":20,"column":4},"end":{"line":20,"column":34}},{"start":{},"end":{}}],"line":20}},"s":{"0":3,"1":10,"2":10,"3":3,"4":10,"5":3,"6":3,"7":3,"8":1,"9":2,"10":2,"11":10},"f":{"0":10,"1":3,"2":3},"b":{"0":[1,2]},"_coverageSchema":"1a1c01bbd47fc00a2c39e90264f33305004495a9","hash":"39e96c6ce75f89e92d7dc2eb0a5366b794066c17"}
,"D:\\WS\\Personal\\Cursos\\React - De cero a experto ( Hooks y MERN )\\04-gif-expert-app\\src\\components\\GifGrid.tsx": {"path":"D:\\WS\\Personal\\Cursos\\React - De cero a experto ( Hooks y MERN )\\04-gif-expert-app\\src\\components\\GifGrid.tsx","statementMap":{"0":{"start":{"line":8,"column":16},"end":{"line":28,"column":1}},"1":{"start":{"line":10,"column":32},"end":{"line":10,"column":54}},"2":{"start":{"line":12,"column":4},"end":{"line":27,"column":5}},"3":{"start":{"line":21,"column":28},"end":{"line":21,"column":58}}},"fnMap":{"0":{"name":"(anonymous_0)","decl":{"start":{"line":8,"column":16},"end":{"line":8,"column":17}},"loc":{"start":{"line":8,"column":41},"end":{"line":28,"column":1}},"line":8},"1":{"name":"(anonymous_1)","decl":{"start":{"line":20,"column":35},"end":{"line":20,"column":36}},"loc":{"start":{"line":21,"column":28},"end":{"line":21,"column":58}},"line":21}},"branchMap":{"0":{"loc":{"start":{"line":18,"column":20},"end":{"line":22,"column":26}},"type":"cond-expr","locations":[{"start":{"line":19,"column":26},"end":{"line":19,"column":46}},{"start":{"line":20,"column":26},"end":{"line":22,"column":26}}],"line":18}},"s":{"0":3,"1":6,"2":6,"3":3},"f":{"0":6,"1":3},"b":{"0":[5,1]},"_coverageSchema":"1a1c01bbd47fc00a2c39e90264f33305004495a9","hash":"0237aa19bce6a71576a8e222a13302ed9a633954"}
,"D:\\WS\\Personal\\Cursos\\React - De cero a experto ( Hooks y MERN )\\04-gif-expert-app\\src\\components\\GifItem.tsx": {"path":"D:\\WS\\Personal\\Cursos\\React - De cero a experto ( Hooks y MERN )\\04-gif-expert-app\\src\\components\\GifItem.tsx","statementMap":{"0":{"start":{"line":6,"column":16},"end":{"line":13,"column":1}},"1":{"start":{"line":7,"column":2},"end":{"line":12,"column":3}}},"fnMap":{"0":{"name":"(anonymous_0)","decl":{"start":{"line":6,"column":16},"end":{"line":6,"column":17}},"loc":{"start":{"line":6,"column":42},"end":{"line":13,"column":1}},"line":6}},"branchMap":{},"s":{"0":3,"1":6},"f":{"0":6},"b":{},"_coverageSchema":"1a1c01bbd47fc00a2c39e90264f33305004495a9","hash":"81905cecf6445f46a5116d3bd4af9a464ba77076"}
,"D:\\WS\\Personal\\Cursos\\React - De cero a experto ( Hooks y MERN )\\04-gif-expert-app\\src\\components\\index.ts": {"path":"D:\\WS\\Personal\\Cursos\\React - De cero a experto ( Hooks y MERN )\\04-gif-expert-app\\src\\components\\index.ts","statementMap":{},"fnMap":{},"branchMap":{},"s":{},"f":{},"b":{},"_coverageSchema":"1a1c01bbd47fc00a2c39e90264f33305004495a9","hash":"a8ea061f70158c62ca3740e4786a7525bd21ff13"}
,"D:\\WS\\Personal\\Cursos\\React - De cero a experto ( Hooks y MERN )\\04-gif-expert-app\\src\\helpers\\getGifs.tsx": {"path":"D:\\WS\\Personal\\Cursos\\React - De cero a experto ( Hooks y MERN )\\04-gif-expert-app\\src\\helpers\\getGifs.tsx","statementMap":{"0":{"start":{"line":3,"column":16},"end":{"line":19,"column":1}},"1":{"start":{"line":6,"column":16},"end":{"line":6,"column":50}},"2":{"start":{"line":7,"column":16},"end":{"line":7,"column":92}},"3":{"start":{"line":9,"column":17},"end":{"line":9,"column":33}},"4":{"start":{"line":10,"column":21},"end":{"line":10,"column":60}},"5":{"start":{"line":12,"column":17},"end":{"line":16,"column":7}},"6":{"start":{"line":12,"column":58},"end":{"line":16,"column":5}},"7":{"start":{"line":18,"column":4},"end":{"line":18,"column":16}}},"fnMap":{"0":{"name":"(anonymous_0)","decl":{"start":{"line":3,"column":16},"end":{"line":3,"column":17}},"loc":{"start":{"line":3,"column":60},"end":{"line":19,"column":1}},"line":3},"1":{"name":"(anonymous_1)","decl":{"start":{"line":12,"column":26},"end":{"line":12,"column":27}},"loc":{"start":{"line":12,"column":58},"end":{"line":16,"column":5}},"line":12}},"branchMap":{},"s":{"0":5,"1":6,"2":6,"3":6,"4":3,"5":3,"6":30,"7":3},"f":{"0":6,"1":30},"b":{},"_coverageSchema":"1a1c01bbd47fc00a2c39e90264f33305004495a9","hash":"83822167e176111cf8fe34fda9f21f6dd7066fde"}
,"D:\\WS\\Personal\\Cursos\\React - De cero a experto ( Hooks y MERN )\\04-gif-expert-app\\src\\hooks\\useFetchGifs.tsx": {"path":"D:\\WS\\Personal\\Cursos\\React - De cero a experto ( Hooks y MERN )\\04-gif-expert-app\\src\\hooks\\useFetchGifs.tsx","statementMap":{"0":{"start":{"line":5,"column":21},"end":{"line":23,"column":1}},"1":{"start":{"line":6,"column":38},"end":{"line":6,"column":52}},"2":{"start":{"line":7,"column":28},"end":{"line":7,"column":47}},"3":{"start":{"line":9,"column":22},"end":{"line":13,"column":5}},"4":{"start":{"line":10,"column":21},"end":{"line":10,"column":44}},"5":{"start":{"line":11,"column":8},"end":{"line":11,"column":22}},"6":{"start":{"line":12,"column":8},"end":{"line":12,"column":28}},"7":{"start":{"line":15,"column":4},"end":{"line":17,"column":11}},"8":{"start":{"line":16,"column":8},"end":{"line":16,"column":20}},"9":{"start":{"line":19,"column":4},"end":{"line":22,"column":6}}},"fnMap":{"0":{"name":"(anonymous_0)","decl":{"start":{"line":5,"column":21},"end":{"line":5,"column":22}},"loc":{"start":{"line":5,"column":43},"end":{"line":23,"column":1}},"line":5},"1":{"name":"(anonymous_1)","decl":{"start":{"line":9,"column":22},"end":{"line":9,"column":23}},"loc":{"start":{"line":9,"column":34},"end":{"line":13,"column":5}},"line":9},"2":{"name":"(anonymous_2)","decl":{"start":{"line":15,"column":14},"end":{"line":15,"column":15}},"loc":{"start":{"line":15,"column":20},"end":{"line":17,"column":5}},"line":15}},"branchMap":{},"s":{"0":4,"1":7,"2":7,"3":7,"4":5,"5":2,"6":2,"7":7,"8":5,"9":7},"f":{"0":7,"1":5,"2":5},"b":{},"_coverageSchema":"1a1c01bbd47fc00a2c39e90264f33305004495a9","hash":"ce247831e940775c45486e452e8194322f641c4e"}
}
