TN:
SF:src\GifExpertApp.tsx
FN:4,(anonymous_0)
FN:8,(anonymous_1)
FN:9,(anonymous_2)
FN:22,(anonymous_3)
FNF:4
FNH:4
FNDA:3,(anonymous_0)
FNDA:1,(anonymous_1)
FNDA:1,(anonymous_2)
FNDA:4,(anonymous_3)
DA:4,1
DA:6,3
DA:8,3
DA:9,1
DA:12,3
DA:23,4
LF:6
LH:6
BRF:0
BRH:0
end_of_record
TN:
SF:src\components\AddCategory.tsx
FN:7,(anonymous_0)
FN:11,(anonymous_1)
FN:15,(anonymous_2)
FNF:3
FNH:3
FNDA:10,(anonymous_0)
FNDA:3,(anonymous_1)
FNDA:3,(anonymous_2)
DA:7,3
DA:9,10
DA:11,10
DA:12,3
DA:15,10
DA:16,3
DA:18,3
DA:20,3
DA:22,2
DA:23,2
DA:26,10
LF:11
LH:11
BRDA:20,0,0,1
BRDA:20,0,1,2
BRF:2
BRH:2
end_of_record
TN:
SF:src\components\GifGrid.tsx
FN:8,(anonymous_0)
FN:20,(anonymous_1)
FNF:2
FNH:2
FNDA:6,(anonymous_0)
FNDA:3,(anonymous_1)
DA:8,3
DA:10,6
DA:12,6
DA:21,3
LF:4
LH:4
BRDA:18,0,0,5
BRDA:18,0,1,1
BRF:2
BRH:2
end_of_record
TN:
SF:src\components\GifItem.tsx
FN:6,(anonymous_0)
FNF:1
FNH:1
FNDA:6,(anonymous_0)
DA:6,3
DA:7,6
LF:2
LH:2
BRF:0
BRH:0
end_of_record
TN:
SF:src\components\index.ts
FNF:0
FNH:0
LF:0
LH:0
BRF:0
BRH:0
end_of_record
TN:
SF:src\helpers\getGifs.tsx
FN:3,(anonymous_0)
FN:12,(anonymous_1)
FNF:2
FNH:2
FNDA:6,(anonymous_0)
FNDA:30,(anonymous_1)
DA:3,5
DA:6,6
DA:7,6
DA:9,6
DA:10,3
DA:12,30
DA:18,3
LF:7
LH:7
BRF:0
BRH:0
end_of_record
TN:
SF:src\hooks\useFetchGifs.tsx
FN:5,(anonymous_0)
FN:9,(anonymous_1)
FN:15,(anonymous_2)
FNF:3
FNH:3
FNDA:7,(anonymous_0)
FNDA:5,(anonymous_1)
FNDA:5,(anonymous_2)
DA:5,4
DA:6,7
DA:7,7
DA:9,7
DA:10,5
DA:11,2
DA:12,2
DA:15,7
DA:16,5
DA:19,7
LF:10
LH:10
BRF:0
BRH:0
end_of_record
